Arguments: 
  C:\Program Files\nodejs\node.exe C:\Users\Ninja\AppData\Roaming\npm\node_modules\yarn\bin\yarn.js add express @typpes/node @types/express

PATH: 
  C:\Program Files\Common Files\Oracle\Java\javapath;C:\WINDOWS\system32;C:\WINDOWS;C:\WINDOWS\System32\Wbem;C:\WINDOWS\System32\WindowsPowerShell\v1.0\;C:\WINDOWS\System32\OpenSSH\;C:\Program Files\Git\cmd;C:\Program Files\nodejs\;C:\Users\Ninja\AppData\Local\Microsoft\WindowsApps;;C:\Users\Ninja\AppData\Local\Programs\Microsoft VS Code\bin;C:\Users\Ninja\AppData\Roaming\npm

Yarn version: 
  1.22.17

Node version: 
  16.13.2

Platform: 
  win32 x64

Trace: 
  Error: https://registry.yarnpkg.com/@typpes%2fnode: Not found
      at Request.params.callback [as _callback] (C:\Users\Ninja\AppData\Roaming\npm\node_modules\yarn\lib\cli.js:67029:18)
      at Request.self.callback (C:\Users\Ninja\AppData\Roaming\npm\node_modules\yarn\lib\cli.js:140883:22)
      at Request.emit (node:events:390:28)
      at Request.<anonymous> (C:\Users\Ninja\AppData\Roaming\npm\node_modules\yarn\lib\cli.js:141855:10)
      at Request.emit (node:events:390:28)
      at IncomingMessage.<anonymous> (C:\Users\Ninja\AppData\Roaming\npm\node_modules\yarn\lib\cli.js:141777:12)
      at Object.onceWrapper (node:events:509:28)
      at IncomingMessage.emit (node:events:402:35)
      at endReadableNT (node:internal/streams/readable:1343:12)
      at processTicksAndRejections (node:internal/process/task_queues:83:21)

npm manifest: 
  {
    "name": "so2-oppimistehtava",
    "main": "index.ts",
    "scripts" : {
      "start" : "npx nodemon index.ts"
    }
  }

yarn manifest: 
  No manifest

Lockfile: 
  No lockfile
