Arguments: 
  C:\Program Files\nodejs\node.exe C:\Users\Ninja\AppData\Roaming\npm\node_modules\yarn\bin\yarn.js add @mui/material @motion/react @motion/styled

PATH: 
  C:\Program Files\Common Files\Oracle\Java\javapath;C:\WINDOWS\system32;C:\WINDOWS;C:\WINDOWS\System32\Wbem;C:\WINDOWS\System32\WindowsPowerShell\v1.0\;C:\WINDOWS\System32\OpenSSH\;C:\Program Files\Git\cmd;C:\Program Files\nodejs\;C:\Users\Ninja\AppData\Local\Microsoft\WindowsApps;;C:\Users\Ninja\AppData\Local\Programs\Microsoft VS Code\bin;C:\Users\Ninja\AppData\Roaming\npm

Yarn version: 
  1.22.17

Node version: 
  16.13.2

Platform: 
  win32 x64

Trace: 
  Error: https://registry.yarnpkg.com/@motion%2freact: Not found
      at Request.params.callback [as _callback] (C:\Users\Ninja\AppData\Roaming\npm\node_modules\yarn\lib\cli.js:67029:18)
      at Request.self.callback (C:\Users\Ninja\AppData\Roaming\npm\node_modules\yarn\lib\cli.js:140883:22)
      at Request.emit (node:events:390:28)
      at Request.<anonymous> (C:\Users\Ninja\AppData\Roaming\npm\node_modules\yarn\lib\cli.js:141855:10)
      at Request.emit (node:events:390:28)
      at IncomingMessage.<anonymous> (C:\Users\Ninja\AppData\Roaming\npm\node_modules\yarn\lib\cli.js:141777:12)
      at Object.onceWrapper (node:events:509:28)
      at IncomingMessage.emit (node:events:402:35)
      at endReadableNT (node:internal/streams/readable:1343:12)
      at processTicksAndRejections (node:internal/process/task_queues:83:21)

npm manifest: 
  {
    "name": "client",
    "version": "0.1.0",
    "private": true,
    "dependencies": {
      "@testing-library/jest-dom": "^5.16.2",
      "@testing-library/react": "^12.1.2",
      "@testing-library/user-event": "^13.5.0",
      "@types/jest": "^27.4.0",
      "@types/node": "^16.11.24",
      "@types/react": "^17.0.39",
      "@types/react-dom": "^17.0.11",
      "react": "^17.0.2",
      "react-dom": "^17.0.2",
      "react-scripts": "5.0.0",
      "typescript": "^4.5.5",
      "web-vitals": "^2.1.4"
    },
    "scripts": {
      "start": "react-scripts start",
      "build": "react-scripts build",
      "test": "react-scripts test",
      "eject": "react-scripts eject"
    },
    "eslintConfig": {
      "extends": [
        "react-app",
        "react-app/jest"
      ]
    },
    "browserslist": {
      "production": [
        ">0.2%",
        "not dead",
        "not op_mini all"
      ],
      "development": [
        "last 1 chrome version",
        "last 1 firefox version",
        "last 1 safari version"
      ]
    }
  }

yarn manifest: 
  No manifest

Lockfile: 
  No lockfile
